<?xml version="1.0" encoding="UTF-8"?>
<!-- Generated by org.testng.reporters.JUnitReportReporter -->
<testsuite hostname="SaiBhaskar-PC" failures="0" tests="1" name="com.nopCommerce.testCases.TC_SearchCustomerByName_005" time="34.043" errors="0" timestamp="06 Jan 2021 10:16:01 GMT" skipped="0">
  <testcase classname="com.nopCommerce.testCases.TC_SearchCustomerByName_005" name="searchCustomerbyName" time="34.043"/>
</testsuite> <!-- com.nopCommerce.testCases.TC_SearchCustomerByName_005 -->
