<?xml version="1.0" encoding="UTF-8"?>
<!-- Generated by org.testng.reporters.JUnitReportReporter -->
<testsuite hostname="SaiBhaskar-PC" failures="0" tests="1" name="com.nopCommerce.testCases.TC_AddCustomerTest_003" time="51.609" errors="0" timestamp="06 Jan 2021 10:16:01 GMT" skipped="0">
  <testcase classname="com.nopCommerce.testCases.TC_AddCustomerTest_003" name="addNewCustomer" time="51.609"/>
</testsuite> <!-- com.nopCommerce.testCases.TC_AddCustomerTest_003 -->
