<?xml version="1.0" encoding="UTF-8"?>
<!-- Generated by org.testng.reporters.JUnitReportReporter -->
<testsuite hostname="SaiBhaskar-PC" failures="0" tests="4" name="com.nopCommerce.testCases.TC_LoginDDT_002" time="40.455" errors="0" timestamp="04 Jan 2021 15:09:43 GMT" skipped="0">
  <testcase classname="com.nopCommerce.testCases.TC_LoginDDT_002" name="loginTest" time="6.911"/>
  <testcase classname="com.nopCommerce.testCases.TC_LoginDDT_002" name="loginTest" time="19.658"/>
  <testcase classname="com.nopCommerce.testCases.TC_LoginDDT_002" name="loginTest" time="6.868"/>
  <testcase classname="com.nopCommerce.testCases.TC_LoginDDT_002" name="loginTest" time="7.018"/>
</testsuite> <!-- com.nopCommerce.testCases.TC_LoginDDT_002 -->
