<?xml version="1.0" encoding="UTF-8"?>
<!-- Generated by org.testng.reporters.JUnitReportReporter -->
<testsuite skipped="0" hostname="SaiBhaskar-PC" name="com.nopCommerce.testCases.TC_SearchCustomerByName_005" tests="1" failures="0" timestamp="06 Jan 2021 11:00:48 GMT" time="19.702" errors="0">
  <testcase name="searchCustomerbyName" time="19.702" classname="com.nopCommerce.testCases.TC_SearchCustomerByName_005"/>
</testsuite> <!-- com.nopCommerce.testCases.TC_SearchCustomerByName_005 -->
